TN:
SF:src\index.ts
FN:31,(anonymous_7)
FN:35,(anonymous_8)
FNF:2
FNH:0
FNDA:0,(anonymous_7)
FNDA:0,(anonymous_8)
DA:1,0
DA:2,0
DA:3,0
DA:4,0
DA:5,0
DA:6,0
DA:7,0
DA:8,0
DA:9,0
DA:10,0
DA:11,0
DA:13,0
DA:14,0
DA:15,0
DA:16,0
DA:18,0
DA:19,0
DA:20,0
DA:21,0
DA:23,0
DA:29,0
DA:31,0
DA:32,0
DA:35,0
LF:24
LH:0
BRF:0
BRH:0
end_of_record
TN:
SF:src\controllers\UserController.ts
FN:26,(anonymous_4)
FN:35,(anonymous_5)
FN:40,(anonymous_6)
FN:46,(anonymous_7)
FN:52,(anonymous_8)
FN:57,(anonymous_9)
FN:30,(anonymous_10)
FNF:7
FNH:1
FNDA:0,(anonymous_4)
FNDA:0,(anonymous_5)
FNDA:0,(anonymous_6)
FNDA:2,(anonymous_7)
FNDA:0,(anonymous_8)
FNDA:0,(anonymous_9)
FNDA:0,(anonymous_10)
DA:1,1
DA:2,1
DA:16,1
DA:17,1
DA:22,1
DA:26,1
DA:27,0
DA:31,0
DA:32,0
DA:35,1
DA:36,0
DA:40,1
DA:41,0
DA:46,1
DA:47,2
DA:48,2
DA:52,1
DA:53,0
DA:57,1
DA:58,0
LF:20
LH:13
BRF:0
BRH:0
end_of_record
TN:
SF:src\middleware\globalErrorHandler.ts
FN:6,(anonymous_1)
FNF:1
FNH:1
FNDA:1,(anonymous_1)
DA:2,1
DA:5,1
DA:7,1
DA:8,1
LF:4
LH:4
BRDA:7,0,0,1
BRDA:7,0,1,1
BRF:2
BRH:2
end_of_record
TN:
SF:src\middleware\middlerare.ts
FN:4,loggingBefore
FN:11,loggingAfter
FNF:2
FNH:2
FNDA:2,loggingBefore
FNDA:1,loggingAfter
DA:2,1
DA:4,1
DA:5,2
DA:6,2
DA:7,2
DA:8,2
DA:11,1
DA:12,1
DA:13,1
DA:14,1
LF:10
LH:10
BRF:0
BRH:0
end_of_record
TN:
SF:src\models\infoModel.ts
FNF:0
FNH:0
DA:1,1
DA:3,1
DA:5,1
DA:8,1
DA:11,1
DA:14,1
LF:6
LH:6
BRF:0
BRH:0
end_of_record
